<?xml version="1.0" encoding="UTF-8"?>
<!-- Generated by org.testng.reporters.JUnitXMLReporter -->
<testsuite hostname="DESKTOP-97EVBUB" ignored="0" name="Test" tests="4" failures="0" timestamp="2020-07-15T15:30:14 IST" time="0.168" errors="0">
  <testcase name="provider" time="0.016" classname="firstMavenProjectObjects.SecondClass"/>
  <testcase name="method" time="0.002" classname="firstMavenProjectObjects.FirstClass"/>
  <testcase name="method1" time="0.004" classname="firstMavenProjectObjects.FirstClass"/>
  <testcase name="method2" time="0.011" classname="firstMavenProjectObjects.FirstClass"/>
</testsuite> <!-- Test -->
