<?xml version="1.0" encoding="UTF-8"?>
<!-- Generated by org.testng.reporters.JUnitXMLReporter -->
<testsuite hostname="DESKTOP-97EVBUB" ignored="0" name="Default test" tests="3" failures="0" timestamp="2020-07-11T09:19:18 IST" time="0.26" errors="0">
  <testcase name="method" time="0.024" classname="firstMavenProjectObjects.FirstClass"/>
  <testcase name="method1" time="0.008" classname="firstMavenProjectObjects.FirstClass"/>
  <testcase name="method2" time="0.01" classname="firstMavenProjectObjects.FirstClass"/>
</testsuite> <!-- Default test -->
